<?xml version="1.0" encoding="UTF-8"?>
<!-- Generated by org.testng.reporters.JUnitXMLReporter -->
<testsuite hostname="DESKTOP-7H0063D" name="Default test(failed)" tests="4" failures="4" timestamp="19 Dec 2024 09:11:47 GMT" time="0.203" errors="0">
  <testcase name="tc2" time="0.062" classname="org.testng.Rerunpractie">
    <failure type="java.lang.AssertionError" message="expected [true] but found [false]">
      <![CDATA[java.lang.AssertionError: expected [true] but found [false]
... Removed 29 stack frames]]>
    </failure>
  </testcase> <!-- tc2 -->
  <testcase name="tc2" time="0.008" classname="org.testng.Rerunpractie">
    <failure type="java.lang.AssertionError" message="expected [true] but found [false]">
      <![CDATA[java.lang.AssertionError: expected [true] but found [false]
... Removed 29 stack frames]]>
    </failure>
  </testcase> <!-- tc2 -->
  <testcase name="tc2" time="0.012" classname="org.testng.Rerunpractie">
    <failure type="java.lang.AssertionError" message="expected [true] but found [false]">
      <![CDATA[java.lang.AssertionError: expected [true] but found [false]
... Removed 29 stack frames]]>
    </failure>
  </testcase> <!-- tc2 -->
  <testcase name="tc2" time="0.013" classname="org.testng.Rerunpractie">
    <failure type="java.lang.AssertionError" message="expected [true] but found [false]">
      <![CDATA[java.lang.AssertionError: expected [true] but found [false]
... Removed 29 stack frames]]>
    </failure>
  </testcase> <!-- tc2 -->
</testsuite> <!-- Default test(failed) -->
