<?xml version="1.0" encoding="UTF-8"?>
<!-- Generated by org.testng.reporters.JUnitXMLReporter -->
<testsuite hostname="Lenovo" name="Test" tests="2" failures="1" timestamp="12 Dec 2024 06:45:43 GMT" time="23.015" errors="0">
  <testcase name="facebookLogin" time="22.758" classname="org.testng.practice.ParaPractice"/>
  <testcase name="instaLogin" time="0.127" classname="org.testng.practice.ParaPractice">
    <failure type="java.lang.IllegalStateException" message="The path to the driver executable must be set by the webdriver.opera.driver system property; for more information, see https://github.com/operasoftware/operachromiumdriver. The latest version can be downloaded from https://github.com/operasoftware/operachromiumdriver/releases">
      <![CDATA[java.lang.IllegalStateException: The path to the driver executable must be set by the webdriver.opera.driver system property; for more information, see https://github.com/operasoftware/operachromiumdriver. The latest version can be downloaded from https://github.com/operasoftware/operachromiumdriver/releases
	at com.google.common.base.Preconditions.checkState(Preconditions.java:847)
	at org.openqa.selenium.remote.service.DriverService.findExecutable(DriverService.java:134)
	at org.openqa.selenium.opera.OperaDriverService.access$000(OperaDriverService.java:35)
	at org.openqa.selenium.opera.OperaDriverService$Builder.findDefaultExecutable(OperaDriverService.java:141)
	at org.openqa.selenium.remote.service.DriverService$Builder.build(DriverService.java:355)
	at org.openqa.selenium.opera.OperaDriverService.createDefaultService(OperaDriverService.java:85)
	at org.openqa.selenium.opera.OperaDriver.<init>(OperaDriver.java:149)
... Removed 25 stack frames]]>
    </failure>
  </testcase>
</testsuite>
