<?xml version="1.0" encoding="UTF-8"?>
<!-- Generated by org.testng.reporters.JUnitXMLReporter -->
<testsuite hostname="DESKTOP-7H0063D" name="Test" tests="6" failures="1" timestamp="19 Dec 2024 08:42:26 GMT" time="0.261" errors="0">
  <testcase name="tc1" time="0.03" classname="org.testng.framework.RerunDemo"/>
  <testcase name="tc2" time="0.047" classname="org.testng.framework.RerunDemo">
    <skipped/>
  </testcase> <!-- tc2 -->
  <testcase name="tc2" time="0.019" classname="org.testng.framework.RerunDemo">
    <skipped/>
  </testcase> <!-- tc2 -->
  <testcase name="tc2" time="0.007" classname="org.testng.framework.RerunDemo">
    <skipped/>
  </testcase> <!-- tc2 -->
  <testcase name="tc2" time="0.013" classname="org.testng.framework.RerunDemo">
    <failure type="java.lang.AssertionError" message="expected [true] but found [false]">
      <![CDATA[java.lang.AssertionError: expected [true] but found [false]
... Removed 30 stack frames]]>
    </failure>
  </testcase> <!-- tc2 -->
  <testcase name="tc3" time="0.011" classname="org.testng.framework.RerunDemo"/>
</testsuite> <!-- Test -->
